<?xml version="1.0" encoding="UTF-8"?>
<!-- Generated by org.testng.reporters.JUnitReportReporter -->
<testsuite skipped="0" hostname="WIN-GEDESCREUP8" name="test.NewTest" tests="1" failures="0" timestamp="22 Jun 2018 22:20:04 GMT" time="5.198" errors="0">
  <testcase name="mavenTest" time="5.198" classname="test.NewTest"/>
</testsuite> <!-- test.NewTest -->
