<?xml version="1.0" encoding="UTF-8"?>
<!-- Generated by org.testng.reporters.JUnitReportReporter -->
<testsuite skipped="0" hostname="WIN-GEDESCREUP8" name="NewTest" tests="1" failures="0" timestamp="22 Jun 2018 22:08:33 GMT" time="3.191" errors="0">
  <testcase name="mavenTest" time="3.191" classname="NewTest"/>
</testsuite> <!-- NewTest -->
