<?xml version="1.0" encoding="UTF-8"?>
<!-- Generated by org.testng.reporters.JUnitReportReporter -->
<testsuite skipped="0" hostname="WIN-GEDESCREUP8" name="test.NewTest" tests="1" failures="0" timestamp="22 Jun 2018 23:58:54 GMT" time="3.623" errors="0">
  <testcase name="mavenTest" time="3.623" classname="test.NewTest"/>
</testsuite> <!-- test.NewTest -->
